#
# There is insufficient memory for the Java Runtime Environment to continue.
# Native memory allocation (mmap) failed to map 123731968 bytes for G1 virtual space
# Possible reasons:
#   The system is out of physical RAM or swap space
#   The process is running with CompressedOops enabled, and the Java Heap may be blocking the growth of the native heap
# Possible solutions:
#   Reduce memory load on the system
#   Increase physical memory or swap space
#   Check if swap backing store is full
#   Decrease Java heap size (-Xmx/-Xms)
#   Decrease number of Java threads
#   Decrease Java thread stack sizes (-Xss)
#   Set larger code cache with -XX:ReservedCodeCacheSize=
#   JVM is running with Unscaled Compressed Oops mode in which the Java heap is
#     placed in the first 4GB address space. The Java Heap base address is the
#     maximum limit for the native heap growth. Please use -XX:HeapBaseMinAddress
#     to set the Java Heap base and to place the Java Heap above 4GB virtual address.
# This output file may be truncated or incomplete.
#
#  Out of Memory Error (os_windows.cpp:3466), pid=9760, tid=6044
#
# JRE version:  (16.0.2+7) (build )
# Java VM: OpenJDK 64-Bit Server VM (16.0.2+7-67, mixed mode, sharing, tiered, compressed oops, compressed class ptrs, g1 gc, windows-amd64)
# No core dump will be written. Minidumps are not enabled by default on client versions of Windows
#

---------------  S U M M A R Y ------------

Command Line: -Dfile.encoding=Cp1252 -XX:+ShowCodeDetailsInExceptionMessages W3.Soal3

Host: AMD Ryzen 3 4300U with Radeon Graphics         , 4 cores, 7G,  Windows 10 , 64 bit Build 19041 (10.0.19041.1202)
Time: Fri Oct  1 01:33:01 2021 SE Asia Standard Time elapsed time: 0.047785 seconds (0d 0h 0m 0s)

---------------  T H R E A D  ---------------

Current thread (0x000001da4a2871b0):  JavaThread "Unknown thread" [_thread_in_vm, id=6044, stack(0x0000008923300000,0x0000008923400000)]

Stack: [0x0000008923300000,0x0000008923400000]
Native frames: (J=compiled Java code, j=interpreted, Vv=VM code, C=native code)
V  [jvm.dll+0x6681ca]
V  [jvm.dll+0x7c9e69]
V  [jvm.dll+0x7cb61e]
V  [jvm.dll+0x7cbc73]
V  [jvm.dll+0x242c55]
V  [jvm.dll+0x664f89]
V  [jvm.dll+0x659b75]
V  [jvm.dll+0x2fbfbb]
V  [jvm.dll+0x3031b6]
V  [jvm.dll+0x35299e]
V  [jvm.dll+0x352bcf]
V  [jvm.dll+0x2d3028]
V  [jvm.dll+0x2d4264]
V  [jvm.dll+0x79c741]
V  [jvm.dll+0x360791]
V  [jvm.dll+0x77a3f0]
V  [jvm.dll+0x3e4e8f]
V  [jvm.dll+0x3e6961]
C  [jli.dll+0x52fb]
C  [ucrtbase.dll+0x21bb2]
C  [KERNEL32.DLL+0x17034]
C  [ntdll.dll+0x52651]


---------------  P R O C E S S  ---------------

Threads class SMR info:
_java_thread_list=0x00007ffb6550cbb8, length=0, elements={
}

Java Threads: ( => current thread )

Other Threads:
  0x000001da4a2c5d40 GCTaskThread "GC Thread#0" [stack: 0x0000008923400000,0x0000008923500000] [id=14216]
  0x000001da4a2d69f0 ConcurrentGCThread "G1 Main Marker" [stack: 0x0000008923500000,0x0000008923600000] [id=8056]
  0x000001da4a2d84f0 ConcurrentGCThread "G1 Conc#0" [stack: 0x0000008923600000,0x0000008923700000] [id=4364]

[error occurred during error reporting (printing all threads), id 0xc0000005, EXCEPTION_ACCESS_VIOLATION (0xc0000005) at pc=0x00007ffb64ce3ee7]

VM state: not at safepoint (not fully initialized)

VM Mutex/Monitor currently owned by a thread:  ([mutex/lock_event])
[0x000001da4a2844d0] Heap_lock - owner thread: 0x000001da4a2871b0

Heap address: 0x000000008a200000, size: 1886 MB, Compressed Oops mode: 32-bit

CDS archive(s) mapped at: [0x0000000000000000-0x0000000000000000-0x0000000000000000), size 0, SharedBaseAddress: 0x0000000800000000, ArchiveRelocationMode: 0.
Narrow klass base: 0x0000000000000000, Narrow klass shift: 0, Narrow klass range: 0x0

GC Precious Log:
<Empty>

Heap:
 garbage-first heap   total 0K, used 0K [0x000000008a200000, 0x0000000100000000)
  region size 1024K, 0 young (0K), 0 survivors (0K)

[error occurred during error reporting (printing heap information), id 0xc0000005, EXCEPTION_ACCESS_VIOLATION (0xc0000005) at pc=0x00007ffb650c1eed]

GC Heap History (0 events):
No events

Deoptimization events (0 events):
No events

Classes unloaded (0 events):
No events

Classes redefined (0 events):
No events

Internal exceptions (0 events):
No events

Events (1 events):
Event: 0.006 Loaded shared library C:\Users\wanda\Downloads\eclipse-java-2021-09-R-win32-x86_64\eclipse\plugins\org.eclipse.justj.openjdk.hotspot.jre.full.win32.x86_64_16.0.2.v20210721-1149\jre\bin\java.dll


Dynamic libraries:
0x00007ff7e7ba0000 - 0x00007ff7e7bae000 	C:\Users\wanda\Downloads\eclipse-java-2021-09-R-win32-x86_64\eclipse\plugins\org.eclipse.justj.openjdk.hotspot.jre.full.win32.x86_64_16.0.2.v20210721-1149\jre\bin\javaw.exe
0x00007ffb98a50000 - 0x00007ffb98c45000 	C:\WINDOWS\SYSTEM32\ntdll.dll
0x00007ffb976f0000 - 0x00007ffb977ae000 	C:\WINDOWS\System32\KERNEL32.DLL
0x00007ffb96380000 - 0x00007ffb96649000 	C:\WINDOWS\System32\KERNELBASE.dll
0x00007ffb96280000 - 0x00007ffb96380000 	C:\WINDOWS\System32\ucrtbase.dll
0x00007ffb92ff0000 - 0x00007ffb93008000 	C:\Users\wanda\Downloads\eclipse-java-2021-09-R-win32-x86_64\eclipse\plugins\org.eclipse.justj.openjdk.hotspot.jre.full.win32.x86_64_16.0.2.v20210721-1149\jre\bin\jli.dll
0x00007ffb97490000 - 0x00007ffb97631000 	C:\WINDOWS\System32\USER32.dll
0x00007ffb969c0000 - 0x00007ffb969e2000 	C:\WINDOWS\System32\win32u.dll
0x00007ffb97450000 - 0x00007ffb9747b000 	C:\WINDOWS\System32\GDI32.dll
0x00007ffb96170000 - 0x00007ffb9627b000 	C:\WINDOWS\System32\gdi32full.dll
0x00007ffb966d0000 - 0x00007ffb9676d000 	C:\WINDOWS\System32\msvcp_win.dll
0x00007ffb8ff90000 - 0x00007ffb8ffa9000 	C:\Users\wanda\Downloads\eclipse-java-2021-09-R-win32-x86_64\eclipse\plugins\org.eclipse.justj.openjdk.hotspot.jre.full.win32.x86_64_16.0.2.v20210721-1149\jre\bin\VCRUNTIME140.dll
0x00007ffb95570000 - 0x00007ffb9580a000 	C:\WINDOWS\WinSxS\amd64_microsoft.windows.common-controls_6595b64144ccf1df_6.0.19041.1110_none_60b5254171f9507e\COMCTL32.dll
0x00007ffb97860000 - 0x00007ffb978fe000 	C:\WINDOWS\System32\msvcrt.dll
0x00007ffb98180000 - 0x00007ffb981b0000 	C:\WINDOWS\System32\IMM32.DLL
0x00007ffb8ff80000 - 0x00007ffb8ff8c000 	C:\Users\wanda\Downloads\eclipse-java-2021-09-R-win32-x86_64\eclipse\plugins\org.eclipse.justj.openjdk.hotspot.jre.full.win32.x86_64_16.0.2.v20210721-1149\jre\bin\vcruntime140_1.dll
0x00007ffb8e7b0000 - 0x00007ffb8e841000 	C:\Users\wanda\Downloads\eclipse-java-2021-09-R-win32-x86_64\eclipse\plugins\org.eclipse.justj.openjdk.hotspot.jre.full.win32.x86_64_16.0.2.v20210721-1149\jre\bin\msvcp140.dll
0x00007ffb64a00000 - 0x00007ffb655ab000 	C:\Users\wanda\Downloads\eclipse-java-2021-09-R-win32-x86_64\eclipse\plugins\org.eclipse.justj.openjdk.hotspot.jre.full.win32.x86_64_16.0.2.v20210721-1149\jre\bin\server\jvm.dll
0x00007ffb96b80000 - 0x00007ffb96c2c000 	C:\WINDOWS\System32\ADVAPI32.dll
0x00007ffb98280000 - 0x00007ffb9831b000 	C:\WINDOWS\System32\sechost.dll
0x00007ffb98380000 - 0x00007ffb984aa000 	C:\WINDOWS\System32\RPCRT4.dll
0x00007ffb98050000 - 0x00007ffb98058000 	C:\WINDOWS\System32\PSAPI.DLL
0x00007ffb94300000 - 0x00007ffb94309000 	C:\WINDOWS\SYSTEM32\WSOCK32.dll
0x00007ffb981b0000 - 0x00007ffb9821b000 	C:\WINDOWS\System32\WS2_32.dll
0x00007ffb942a0000 - 0x00007ffb942aa000 	C:\WINDOWS\SYSTEM32\VERSION.dll
0x00007ffb8d6d0000 - 0x00007ffb8d6f7000 	C:\WINDOWS\SYSTEM32\WINMM.dll
0x00007ffb943f0000 - 0x00007ffb94402000 	C:\WINDOWS\SYSTEM32\kernel.appcore.dll
0x00007ffb91550000 - 0x00007ffb9155a000 	C:\Users\wanda\Downloads\eclipse-java-2021-09-R-win32-x86_64\eclipse\plugins\org.eclipse.justj.openjdk.hotspot.jre.full.win32.x86_64_16.0.2.v20210721-1149\jre\bin\jimage.dll
0x00007ffb95af0000 - 0x00007ffb95cd4000 	C:\WINDOWS\SYSTEM32\DBGHELP.DLL
0x00007ffb95920000 - 0x00007ffb9594c000 	C:\WINDOWS\SYSTEM32\dbgcore.DLL
0x00007ffb967d0000 - 0x00007ffb96853000 	C:\WINDOWS\System32\bcryptPrimitives.dll
0x00007ffb8ece0000 - 0x00007ffb8ed05000 	C:\Users\wanda\Downloads\eclipse-java-2021-09-R-win32-x86_64\eclipse\plugins\org.eclipse.justj.openjdk.hotspot.jre.full.win32.x86_64_16.0.2.v20210721-1149\jre\bin\java.dll

dbghelp: loaded successfully - version: 4.0.5 - missing functions: none
symbol engine: initialized successfully - sym options: 0x614 - pdb path: .;C:\Users\wanda\Downloads\eclipse-java-2021-09-R-win32-x86_64\eclipse\plugins\org.eclipse.justj.openjdk.hotspot.jre.full.win32.x86_64_16.0.2.v20210721-1149\jre\bin;C:\WINDOWS\SYSTEM32;C:\WINDOWS\WinSxS\amd64_microsoft.windows.common-controls_6595b64144ccf1df_6.0.19041.1110_none_60b5254171f9507e;C:\Users\wanda\Downloads\eclipse-java-2021-09-R-win32-x86_64\eclipse\plugins\org.eclipse.justj.openjdk.hotspot.jre.full.win32.x86_64_16.0.2.v20210721-1149\jre\bin\server

VM Arguments:
jvm_args: -Dfile.encoding=Cp1252 -XX:+ShowCodeDetailsInExceptionMessages 
java_command: W3.Soal3
java_class_path (initial): D:\Akademik\SMT 3\PBO\PBO Praktikum\Project\Praktikum-3\bin
Launcher Type: SUN_STANDARD

[Global flags]
     intx CICompilerCount                          = 3                                         {product} {ergonomic}
     uint ConcGCThreads                            = 1                                         {product} {ergonomic}
     uint G1ConcRefinementThreads                  = 4                                         {product} {ergonomic}
   size_t G1HeapRegionSize                         = 1048576                                   {product} {ergonomic}
    uintx GCDrainStackTargetSize                   = 64                                        {product} {ergonomic}
   size_t InitialHeapSize                          = 123731968                                 {product} {ergonomic}
   size_t MarkStackSize                            = 4194304                                   {product} {ergonomic}
   size_t MaxHeapSize                              = 1977614336                                {product} {ergonomic}
   size_t MinHeapDeltaBytes                        = 1048576                                   {product} {ergonomic}
   size_t MinHeapSize                              = 8388608                                   {product} {ergonomic}
    uintx NonNMethodCodeHeapSize                   = 5832780                                {pd product} {ergonomic}
    uintx NonProfiledCodeHeapSize                  = 122912730                              {pd product} {ergonomic}
    uintx ProfiledCodeHeapSize                     = 122912730                              {pd product} {ergonomic}
    uintx ReservedCodeCacheSize                    = 251658240                              {pd product} {ergonomic}
     bool SegmentedCodeCache                       = true                                      {product} {ergonomic}
     bool ShowCodeDetailsInExceptionMessages       = true                                   {manageable} {command line}
   size_t SoftMaxHeapSize                          = 1977614336                             {manageable} {ergonomic}
     bool UseCompressedClassPointers               = true                           {product lp64_product} {ergonomic}
     bool UseCompressedOops                        = true                           {product lp64_product} {ergonomic}
     bool UseG1GC                                  = true                                      {product} {ergonomic}
     bool UseLargePagesIndividualAllocation        = false                                  {pd product} {ergonomic}

Logging:
Log output configuration:
 #0: stdout all=warning uptime,level,tags
 #1: stderr all=off uptime,level,tags

Environment Variables:
JAVA_HOME=C:\Program Files\Java\jdk-16.0.2
PATH=C:/Users/wanda/Downloads/eclipse-java-2021-09-R-win32-x86_64/eclipse//plugins/org.eclipse.justj.openjdk.hotspot.jre.full.win32.x86_64_16.0.2.v20210721-1149/jre/bin/server;C:/Users/wanda/Downloads/eclipse-java-2021-09-R-win32-x86_64/eclipse//plugins/org.eclipse.justj.openjdk.hotspot.jre.full.win32.x86_64_16.0.2.v20210721-1149/jre/bin;C:\Users\wanda\AppData\Local\Programs\;%JAVA_HOME%\bin;C:\Program Files\Git\cmd;C:\Users\wanda\AppData\Local\Programs\Python\Python39\Scripts\;C:\Users\wanda\AppData\Local\Programs\Python\Python39\;C:\Users\wanda\AppData\Local\Microsoft\WindowsApps;C:\Users\wanda\AppData\Local\Programs\Microsoft VS Code\bin;C:\Users\wanda\AppData\Local\GitHubDesktop\bin;C:\Users\wanda\Downloads\eclipse-java-2021-09-R-win32-x86_64\eclipse;
USERNAME=wanda
OS=Windows_NT
PROCESSOR_IDENTIFIER=AMD64 Family 23 Model 96 Stepping 1, AuthenticAMD



---------------  S Y S T E M  ---------------

OS:
 Windows 10 , 64 bit Build 19041 (10.0.19041.1202)
OS uptime: 7 days 2:56 hours

CPU: total 4 (initial active 4) (4 cores per cpu, 1 threads per core) family 23 model 96 stepping 1 microcode 0x0, cx8, cmov, fxsr, mmx, 3dnowpref, sse, sse2, sse3, ssse3, sse4a, sse4.1, sse4.2, popcnt, lzcnt, tsc, tscinvbit, avx, avx2, aes, clmul, bmi1, bmi2, adx, sha, fma, vzeroupper, clflush, clflushopt

Memory: 4k page, system-wide physical 7543M (1633M free)
TotalPageFile size 10543M (AvailPageFile size 46M)
current process WorkingSet (physical memory assigned to process): 9M, peak: 9M
current process commit charge ("private bytes"): 51M, peak: 169M

vm_info: OpenJDK 64-Bit Server VM (16.0.2+7-67) for windows-amd64 JRE (16.0.2+7-67), built on Jun  8 2021 23:21:43 by "mach5one" with MS VC++ 16.7 (VS2019)

END.
